<?xml version="1.0" encoding="UTF-8"?><testsuite name="nosetests" tests="1344" errors="17" failures="0" skip="0"><testcase classname="CoolingTest_Cloudy__test_cooling" name="test_cooling_time" time="0.490"></testcase><testcase classname="CoolingTest_Cloudy__test_standard" name="test_standard" time="0.031"></testcase><testcase classname="CoolingTest_Cloudy__test_standard" name="test_standard" time="0.012"></testcase><testcase classname="CoolingTest_Cloudy__test_standard" name="test_standard" time="0.011"></testcase><testcase classname="CoolingTest_Cloudy__test_standard" name="test_standard" time="0.010"></testcase><testcase classname="CoolingTest_Cloudy__test_standard" name="test_standard" time="0.010"></testcase><testcase classname="CoolingTest_Cloudy__test_standard" name="test_standard" time="0.009"></testcase><testcase classname="CoolingTest_Cloudy__test_standard" name="test_standard" time="0.009"></testcase><testcase classname="CoolingTest_Cloudy__test_standard" name="test_standard" time="0.008"></testcase><testcase classname="CoolingTest_Cloudy__test_standard" name="test_standard" time="0.010"></testcase><testcase classname="CoolingTest_Cloudy__test_standard" name="test_standard" time="0.011"></testcase><testcase classname="CoolingTest_Cloudy__test_standard" name="test_standard" time="0.010"></testcase><testcase classname="CoolingTest_Cloudy__test_standard" name="test_standard" time="0.011"></testcase><testcase classname="CoolingTest_Cloudy__test_standard" name="test_standard" time="0.009"></testcase><testcase classname="CoolingTest_Cloudy__test_standard" name="test_standard" time="0.009"></testcase><testcase classname="CoolingTest_Cloudy__test_standard" name="test_standard" time="0.008"></testcase><testcase classname="CoolingTest_Cloudy__test_standard" name="test_standard" time="0.010"></testcase><testcase classname="CoolingTest_Cloudy__test_standard" name="test_standard" time="0.011"></testcase><testcase classname="CoolingTest_Cloudy__test_standard" name="test_standard" time="0.011"></testcase><testcase classname="CoolingTest_Cloudy__test_standard" name="test_standard" time="0.011"></testcase><testcase classname="CoolingTest_Cloudy__test_standard" name="test_standard" time="0.009"></testcase><testcase classname="CoolingTest_Cloudy__test_standard" name="test_standard" time="0.009"></testcase><testcase classname="CoolingTest_Cloudy__test_standard" name="test_standard" time="0.008"></testcase><testcase classname="CoolingTest_Cloudy__test_standard" name="test_standard" time="0.010"></testcase><testcase classname="CoolingTest_Cloudy__test_standard" name="test_standard" time="0.011"></testcase><testcase classname="CoolingTest_Cloudy__test_standard" name="test_standard" time="0.010"></testcase><testcase classname="CoolingTest_Cloudy__test_standard" name="test_standard" time="0.010"></testcase><testcase classname="CoolingTest_Cloudy__test_standard" name="test_standard" time="0.008"></testcase><testcase classname="CoolingTest_Cloudy__test_standard" name="test_standard" time="0.009"></testcase><testcase classname="CoolingTest_Cloudy__test_standard" name="test_standard" time="0.010"></testcase><testcase classname="CoolingTest_Cloudy__test_standard" name="test_exist" time="0.000"></testcase><testcase classname="CoolingTest_Grackle__test_cooling" name="test_cooling_time" time="0.463"></testcase><testcase classname="CoolingTest_Grackle__test_standard" name="test_standard" time="0.033"></testcase><testcase classname="CoolingTest_Grackle__test_standard" name="test_standard" time="0.011"></testcase><testcase classname="CoolingTest_Grackle__test_standard" name="test_standard" time="0.011"></testcase><testcase classname="CoolingTest_Grackle__test_standard" name="test_standard" time="0.011"></testcase><testcase classname="CoolingTest_Grackle__test_standard" name="test_standard" time="0.011"></testcase><testcase classname="CoolingTest_Grackle__test_standard" name="test_standard" time="0.009"></testcase><testcase classname="CoolingTest_Grackle__test_standard" name="test_standard" time="0.009"></testcase><testcase classname="CoolingTest_Grackle__test_standard" name="test_standard" time="0.008"></testcase><testcase classname="CoolingTest_Grackle__test_standard" name="test_standard" time="0.012"></testcase><testcase classname="CoolingTest_Grackle__test_standard" name="test_standard" time="0.012"></testcase><testcase classname="CoolingTest_Grackle__test_standard" name="test_standard" time="0.011"></testcase><testcase classname="CoolingTest_Grackle__test_standard" name="test_standard" time="0.011"></testcase><testcase classname="CoolingTest_Grackle__test_standard" name="test_standard" time="0.009"></testcase><testcase classname="CoolingTest_Grackle__test_standard" name="test_standard" time="0.010"></testcase><testcase classname="CoolingTest_Grackle__test_standard" name="test_standard" time="0.008"></testcase><testcase classname="CoolingTest_Grackle__test_standard" name="test_standard" time="0.012"></testcase><testcase classname="CoolingTest_Grackle__test_standard" name="test_standard" time="0.011"></testcase><testcase classname="CoolingTest_Grackle__test_standard" name="test_standard" time="0.010"></testcase><testcase classname="CoolingTest_Grackle__test_standard" name="test_standard" time="0.011"></testcase><testcase classname="CoolingTest_Grackle__test_standard" name="test_standard" time="0.009"></testcase><testcase classname="CoolingTest_Grackle__test_standard" name="test_standard" time="0.009"></testcase><testcase classname="CoolingTest_Grackle__test_standard" name="test_standard" time="0.008"></testcase><testcase classname="CoolingTest_Grackle__test_standard" name="test_standard" time="0.012"></testcase><testcase classname="CoolingTest_Grackle__test_standard" name="test_standard" time="0.012"></testcase><testcase classname="CoolingTest_Grackle__test_standard" name="test_standard" time="0.016"></testcase><testcase classname="CoolingTest_Grackle__test_standard" name="test_standard" time="0.012"></testcase><testcase classname="CoolingTest_Grackle__test_standard" name="test_standard" time="0.009"></testcase><testcase classname="CoolingTest_Grackle__test_standard" name="test_standard" time="0.010"></testcase><testcase classname="CoolingTest_Grackle__test_standard" name="test_standard" time="0.009"></testcase><testcase classname="CoolingTest_Grackle__test_standard" name="test_exist" time="0.000"></testcase><testcase classname="CoolingTest_JHW__test_cooling" name="test_cooling_time" time="0.441"></testcase><testcase classname="CoolingTest_JHW__test_standard" name="test_standard" time="0.035"></testcase><testcase classname="CoolingTest_JHW__test_standard" name="test_standard" time="0.015"></testcase><testcase classname="CoolingTest_JHW__test_standard" name="test_standard" time="0.011"></testcase><testcase classname="CoolingTest_JHW__test_standard" name="test_standard" time="0.012"></testcase><testcase classname="CoolingTest_JHW__test_standard" name="test_standard" time="0.012"></testcase><testcase classname="CoolingTest_JHW__test_standard" name="test_standard" time="0.011"></testcase><testcase classname="CoolingTest_JHW__test_standard" name="test_standard" time="0.010"></testcase><testcase classname="CoolingTest_JHW__test_standard" name="test_standard" time="0.009"></testcase><testcase classname="CoolingTest_JHW__test_standard" name="test_standard" time="0.013"></testcase><testcase classname="CoolingTest_JHW__test_standard" name="test_standard" time="0.012"></testcase><testcase classname="CoolingTest_JHW__test_standard" name="test_standard" time="0.012"></testcase><testcase classname="CoolingTest_JHW__test_standard" name="test_standard" time="0.014"></testcase><testcase classname="CoolingTest_JHW__test_standard" name="test_standard" time="0.010"></testcase><testcase classname="CoolingTest_JHW__test_standard" name="test_standard" time="0.011"></testcase><testcase classname="CoolingTest_JHW__test_standard" name="test_standard" time="0.010"></testcase><testcase classname="CoolingTest_JHW__test_standard" name="test_standard" time="0.011"></testcase><testcase classname="CoolingTest_JHW__test_standard" name="test_standard" time="0.013"></testcase><testcase classname="CoolingTest_JHW__test_standard" name="test_standard" time="0.013"></testcase><testcase classname="CoolingTest_JHW__test_standard" name="test_standard" time="0.013"></testcase><testcase classname="CoolingTest_JHW__test_standard" name="test_standard" time="0.010"></testcase><testcase classname="CoolingTest_JHW__test_standard" name="test_standard" time="0.010"></testcase><testcase classname="CoolingTest_JHW__test_standard" name="test_standard" time="0.009"></testcase><testcase classname="CoolingTest_JHW__test_standard" name="test_standard" time="0.012"></testcase><testcase classname="CoolingTest_JHW__test_standard" name="test_standard" time="0.011"></testcase><testcase classname="CoolingTest_JHW__test_standard" name="test_standard" time="0.010"></testcase><testcase classname="CoolingTest_JHW__test_standard" name="test_standard" time="0.013"></testcase><testcase classname="CoolingTest_JHW__test_standard" name="test_standard" time="0.011"></testcase><testcase classname="CoolingTest_JHW__test_standard" name="test_standard" time="0.012"></testcase><testcase classname="CoolingTest_JHW__test_standard" name="test_standard" time="0.010"></testcase><testcase classname="CoolingTest_JHW__test_standard" name="test_exist" time="0.000"></testcase><testcase classname="OneZoneFreefallTest__test_freefall" name="test_freefall" time="0.440"></testcase><testcase classname="OneZoneFreefallTest__test_freefall" name="test_freefall" time="0.008"></testcase><testcase classname="OneZoneFreefallTest__test_standard" name="test_standard" time="0.192"></testcase><testcase classname="OneZoneFreefallTest__test_standard" name="test_standard" time="0.009"></testcase><testcase classname="OneZoneFreefallTest__test_standard" name="test_standard" time="0.009"></testcase><testcase classname="OneZoneFreefallTest__test_standard" name="test_standard" time="0.009"></testcase><testcase classname="OneZoneFreefallTest__test_standard" name="test_standard" time="0.009"></testcase><testcase classname="OneZoneFreefallTest__test_standard" name="test_standard" time="0.004"></testcase><testcase classname="OneZoneFreefallTest__test_standard" name="test_standard" time="0.004"></testcase><testcase classname="OneZoneFreefallTest__test_standard" name="test_standard" time="0.008"></testcase><testcase classname="OneZoneFreefallTest__test_standard" name="test_standard" time="0.009"></testcase><testcase classname="OneZoneFreefallTest__test_standard" name="test_standard" time="0.009"></testcase><testcase classname="OneZoneFreefallTest__test_standard" name="test_standard" time="0.008"></testcase><testcase classname="OneZoneFreefallTest__test_standard" name="test_standard" time="0.009"></testcase><testcase classname="OneZoneFreefallTest__test_standard" name="test_standard" time="0.004"></testcase><testcase classname="OneZoneFreefallTest__test_standard" name="test_standard" time="0.004"></testcase><testcase classname="OneZoneFreefallTest__test_standard" name="test_standard" time="0.008"></testcase><testcase classname="OneZoneFreefallTest__test_standard" name="test_standard" time="0.009"></testcase><testcase classname="OneZoneFreefallTest__test_standard" name="test_standard" time="0.009"></testcase><testcase classname="OneZoneFreefallTest__test_standard" name="test_standard" time="0.009"></testcase><testcase classname="OneZoneFreefallTest__test_standard" name="test_standard" time="0.009"></testcase><testcase classname="OneZoneFreefallTest__test_standard" name="test_standard" time="0.004"></testcase><testcase classname="OneZoneFreefallTest__test_standard" name="test_standard" time="0.004"></testcase><testcase classname="OneZoneFreefallTest__test_standard" name="test_standard" time="0.007"></testcase><testcase classname="OneZoneFreefallTest__test_standard" name="test_exist" time="0.000"></testcase><testcase classname="AMRZeldovichPancake__test_almost_standard" name="test_standard" time="0.022"></testcase><testcase classname="AMRZeldovichPancake__test_almost_standard" name="test_standard" time="0.415"></testcase><testcase classname="AMRZeldovichPancake__test_almost_standard" name="test_standard" time="0.010"></testcase><testcase classname="AMRZeldovichPancake__test_almost_standard" name="test_standard" time="0.004"></testcase><testcase classname="AMRZeldovichPancake__test_almost_standard" name="test_standard" time="0.004"></testcase><testcase classname="AMRZeldovichPancake__test_almost_standard" name="test_standard" time="0.004"></testcase><testcase classname="AMRZeldovichPancake__test_almost_standard" name="test_standard" time="0.004"></testcase><testcase classname="AMRZeldovichPancake__test_almost_standard" name="test_standard" time="0.008"></testcase><testcase classname="AMRZeldovichPancake__test_almost_standard" name="test_exist" time="0.000"></testcase><testcase classname="AdiabaticExpansion__test_standard" name="test_standard" time="0.166"></testcase><testcase classname="AdiabaticExpansion__test_standard" name="test_standard" time="0.446"></testcase><testcase classname="AdiabaticExpansion__test_standard" name="test_standard" time="0.012"></testcase><testcase classname="AdiabaticExpansion__test_standard" name="test_standard" time="0.012"></testcase><testcase classname="AdiabaticExpansion__test_standard" name="test_standard" time="0.012"></testcase><testcase classname="AdiabaticExpansion__test_standard" name="test_standard" time="0.011"></testcase><testcase classname="AdiabaticExpansion__test_standard" name="test_standard" time="0.012"></testcase><testcase classname="AdiabaticExpansion__test_standard" name="test_standard" time="0.012"></testcase><testcase classname="AdiabaticExpansion__test_standard" name="test_standard" time="0.012"></testcase><testcase classname="AdiabaticExpansion__test_standard" name="test_standard" time="0.013"></testcase><testcase classname="AdiabaticExpansion__test_standard" name="test_standard" time="0.012"></testcase><testcase classname="AdiabaticExpansion__test_standard" name="test_standard" time="0.013"></testcase><testcase classname="AdiabaticExpansion__test_standard" name="test_standard" time="0.012"></testcase><testcase classname="AdiabaticExpansion__test_standard" name="test_standard" time="0.013"></testcase><testcase classname="AdiabaticExpansion__test_standard" name="test_standard" time="0.012"></testcase><testcase classname="AdiabaticExpansion__test_standard" name="test_standard" time="0.013"></testcase><testcase classname="AdiabaticExpansion__test_standard" name="test_standard" time="0.013"></testcase><testcase classname="AdiabaticExpansion__test_standard" name="test_standard" time="0.012"></testcase><testcase classname="AdiabaticExpansion__test_standard" name="test_standard" time="0.013"></testcase><testcase classname="AdiabaticExpansion__test_standard" name="test_standard" time="0.013"></testcase><testcase classname="AdiabaticExpansion__test_standard" name="test_standard" time="0.013"></testcase><testcase classname="AdiabaticExpansion__test_standard" name="test_standard" time="0.012"></testcase><testcase classname="AdiabaticExpansion__test_standard" name="test_standard" time="0.012"></testcase><testcase classname="AdiabaticExpansion__test_standard" name="test_standard" time="0.013"></testcase><testcase classname="AdiabaticExpansion__test_standard" name="test_standard" time="0.013"></testcase><testcase classname="AdiabaticExpansion__test_standard" name="test_standard" time="0.017"></testcase><testcase classname="AdiabaticExpansion__test_standard" name="test_standard" time="0.012"></testcase><testcase classname="AdiabaticExpansion__test_standard" name="test_standard" time="0.013"></testcase><testcase classname="AdiabaticExpansion__test_standard" name="test_standard" time="0.012"></testcase><testcase classname="AdiabaticExpansion__test_standard" name="test_exist" time="0.000"></testcase><testcase classname="MHDZeldovichPancake__test_standard" name="test_standard" time="0.209"></testcase><testcase classname="MHDZeldovichPancake__test_standard" name="test_standard" time="0.467"></testcase><testcase classname="MHDZeldovichPancake__test_standard" name="test_standard" time="0.011"></testcase><testcase classname="MHDZeldovichPancake__test_standard" name="test_standard" time="0.004"></testcase><testcase classname="MHDZeldovichPancake__test_standard" name="test_standard" time="0.012"></testcase><testcase classname="MHDZeldovichPancake__test_standard" name="test_standard" time="0.004"></testcase><testcase classname="MHDZeldovichPancake__test_standard" name="test_standard" time="0.004"></testcase><testcase classname="MHDZeldovichPancake__test_standard" name="test_standard" time="0.010"></testcase><testcase classname="MHDZeldovichPancake__test_standard" name="test_standard" time="0.011"></testcase><testcase classname="MHDZeldovichPancake__test_standard" name="test_standard" time="0.013"></testcase><testcase classname="MHDZeldovichPancake__test_standard" name="test_standard" time="0.005"></testcase><testcase classname="MHDZeldovichPancake__test_standard" name="test_standard" time="0.004"></testcase><testcase classname="MHDZeldovichPancake__test_standard" name="test_standard" time="0.004"></testcase><testcase classname="MHDZeldovichPancake__test_standard" name="test_standard" time="0.005"></testcase><testcase classname="MHDZeldovichPancake__test_standard" name="test_standard" time="0.011"></testcase><testcase classname="MHDZeldovichPancake__test_standard" name="test_standard" time="0.012"></testcase><testcase classname="MHDZeldovichPancake__test_standard" name="test_standard" time="0.015"></testcase><testcase classname="MHDZeldovichPancake__test_standard" name="test_standard" time="0.005"></testcase><testcase classname="MHDZeldovichPancake__test_standard" name="test_standard" time="0.005"></testcase><testcase classname="MHDZeldovichPancake__test_standard" name="test_standard" time="0.005"></testcase><testcase classname="MHDZeldovichPancake__test_standard" name="test_standard" time="0.004"></testcase><testcase classname="MHDZeldovichPancake__test_standard" name="test_standard" time="0.012"></testcase><testcase classname="MHDZeldovichPancake__test_standard" name="test_standard" time="0.012"></testcase><testcase classname="MHDZeldovichPancake__test_standard" name="test_standard" time="0.013"></testcase><testcase classname="MHDZeldovichPancake__test_standard" name="test_standard" time="0.004"></testcase><testcase classname="MHDZeldovichPancake__test_standard" name="test_standard" time="0.004"></testcase><testcase classname="MHDZeldovichPancake__test_standard" name="test_standard" time="0.004"></testcase><testcase classname="MHDZeldovichPancake__test_standard" name="test_standard" time="0.004"></testcase><testcase classname="MHDZeldovichPancake__test_standard" name="test_standard" time="0.010"></testcase><testcase classname="MHDZeldovichPancake__test_standard" name="test_exist" time="0.000"></testcase><testcase classname="SphericalInfall__test_standard" name="test_standard" time="0.023"></testcase><testcase classname="SphericalInfall__test_standard" name="test_standard" time="0.436"></testcase><testcase classname="SphericalInfall__test_standard" name="test_standard" time="0.015"></testcase><testcase classname="SphericalInfall__test_standard" name="test_standard" time="0.015"></testcase><testcase classname="SphericalInfall__test_standard" name="test_standard" time="0.016"></testcase><testcase classname="SphericalInfall__test_standard" name="test_standard" time="0.015"></testcase><testcase classname="SphericalInfall__test_standard" name="test_standard" time="0.015"></testcase><testcase classname="SphericalInfall__test_standard" name="test_standard" time="0.014"></testcase><testcase classname="SphericalInfall__test_standard" name="test_standard" time="0.016"></testcase><testcase classname="SphericalInfall__test_standard" name="test_standard" time="0.017"></testcase><testcase classname="SphericalInfall__test_standard" name="test_standard" time="0.015"></testcase><testcase classname="SphericalInfall__test_standard" name="test_standard" time="0.017"></testcase><testcase classname="SphericalInfall__test_standard" name="test_standard" time="0.015"></testcase><testcase classname="SphericalInfall__test_standard" name="test_standard" time="0.017"></testcase><testcase classname="SphericalInfall__test_standard" name="test_standard" time="0.013"></testcase><testcase classname="SphericalInfall__test_standard" name="test_standard" time="0.015"></testcase><testcase classname="SphericalInfall__test_standard" name="test_standard" time="0.017"></testcase><testcase classname="SphericalInfall__test_standard" name="test_standard" time="0.016"></testcase><testcase classname="SphericalInfall__test_standard" name="test_standard" time="0.017"></testcase><testcase classname="SphericalInfall__test_standard" name="test_standard" time="0.015"></testcase><testcase classname="SphericalInfall__test_standard" name="test_standard" time="0.016"></testcase><testcase classname="SphericalInfall__test_standard" name="test_standard" time="0.013"></testcase><testcase classname="SphericalInfall__test_standard" name="test_standard" time="0.015"></testcase><testcase classname="SphericalInfall__test_standard" name="test_standard" time="0.017"></testcase><testcase classname="SphericalInfall__test_standard" name="test_standard" time="0.015"></testcase><testcase classname="SphericalInfall__test_standard" name="test_standard" time="0.018"></testcase><testcase classname="SphericalInfall__test_standard" name="test_standard" time="0.017"></testcase><testcase classname="SphericalInfall__test_standard" name="test_standard" time="0.017"></testcase><testcase classname="SphericalInfall__test_standard" name="test_standard" time="0.014"></testcase><testcase classname="SphericalInfall__test_standard" name="test_exist" time="0.000"></testcase><testcase classname="ZeldovichPancake__test_almost_standard" name="test_almost_standard" time="0.027"></testcase><testcase classname="ZeldovichPancake__test_almost_standard" name="test_almost_standard" time="0.403"></testcase><testcase classname="ZeldovichPancake__test_almost_standard" name="test_almost_standard" time="0.009"></testcase><testcase classname="ZeldovichPancake__test_almost_standard" name="test_almost_standard" time="0.004"></testcase><testcase classname="ZeldovichPancake__test_almost_standard" name="test_almost_standard" time="0.004"></testcase><testcase classname="ZeldovichPancake__test_almost_standard" name="test_almost_standard" time="0.004"></testcase><testcase classname="ZeldovichPancake__test_almost_standard" name="test_almost_standard" time="0.004"></testcase><testcase classname="ZeldovichPancake__test_almost_standard" name="test_almost_standard" time="0.008"></testcase><testcase classname="ZeldovichPancake__test_almost_standard" name="test_exist" time="0.000"></testcase><testcase classname="DrivenTurbulence3D__test_standard" name="test_standard" time="0.987"></testcase><testcase classname="DrivenTurbulence3D__test_standard" name="test_standard" time="0.445"></testcase><testcase classname="DrivenTurbulence3D__test_standard" name="test_standard" time="0.018"></testcase><testcase classname="DrivenTurbulence3D__test_standard" name="test_standard" time="0.019"></testcase><testcase classname="DrivenTurbulence3D__test_standard" name="test_standard" time="0.019"></testcase><testcase classname="DrivenTurbulence3D__test_standard" name="test_standard" time="0.017"></testcase><testcase classname="DrivenTurbulence3D__test_standard" name="test_standard" time="0.020"></testcase><testcase classname="DrivenTurbulence3D__test_standard" name="test_standard" time="0.010"></testcase><testcase classname="DrivenTurbulence3D__test_standard" name="test_standard" time="0.018"></testcase><testcase classname="DrivenTurbulence3D__test_standard" name="test_standard" time="0.018"></testcase><testcase classname="DrivenTurbulence3D__test_standard" name="test_standard" time="0.017"></testcase><testcase classname="DrivenTurbulence3D__test_standard" name="test_standard" time="0.022"></testcase><testcase classname="DrivenTurbulence3D__test_standard" name="test_standard" time="0.016"></testcase><testcase classname="DrivenTurbulence3D__test_standard" name="test_standard" time="0.017"></testcase><testcase classname="DrivenTurbulence3D__test_standard" name="test_standard" time="0.011"></testcase><testcase classname="DrivenTurbulence3D__test_standard" name="test_standard" time="0.017"></testcase><testcase classname="DrivenTurbulence3D__test_standard" name="test_standard" time="0.026"></testcase><testcase classname="DrivenTurbulence3D__test_standard" name="test_standard" time="0.016"></testcase><testcase classname="DrivenTurbulence3D__test_standard" name="test_standard" time="0.018"></testcase><testcase classname="DrivenTurbulence3D__test_standard" name="test_standard" time="0.017"></testcase><testcase classname="DrivenTurbulence3D__test_standard" name="test_standard" time="0.017"></testcase><testcase classname="DrivenTurbulence3D__test_standard" name="test_standard" time="0.010"></testcase><testcase classname="DrivenTurbulence3D__test_standard" name="test_standard" time="0.015"></testcase><testcase classname="DrivenTurbulence3D__test_standard" name="test_standard" time="0.017"></testcase><testcase classname="DrivenTurbulence3D__test_standard" name="test_standard" time="0.017"></testcase><testcase classname="DrivenTurbulence3D__test_standard" name="test_standard" time="0.018"></testcase><testcase classname="DrivenTurbulence3D__test_standard" name="test_standard" time="0.016"></testcase><testcase classname="DrivenTurbulence3D__test_standard" name="test_standard" time="0.018"></testcase><testcase classname="DrivenTurbulence3D__test_standard" name="test_standard" time="0.010"></testcase><testcase classname="DrivenTurbulence3D__test_standard" name="test_exist" time="0.000"></testcase><testcase classname="GravityTest__test_gravity" name="test_gravity_test" time="0.130"></testcase><testcase classname="GravityTestSphere__test_standard" name="test_standard" time="0.024"></testcase><testcase classname="GravityTestSphere__test_standard" name="test_standard" time="0.508"></testcase><testcase classname="GravityTestSphere__test_standard" name="test_standard" time="0.055"></testcase><testcase classname="GravityTestSphere__test_standard" name="test_standard" time="0.046"></testcase><testcase classname="GravityTestSphere__test_standard" name="test_standard" time="0.048"></testcase><testcase classname="GravityTestSphere__test_standard" name="test_standard" time="0.045"></testcase><testcase classname="GravityTestSphere__test_standard" name="test_standard" time="0.042"></testcase><testcase classname="GravityTestSphere__test_standard" name="test_standard" time="0.041"></testcase><testcase classname="GravityTestSphere__test_standard" name="test_standard" time="0.046"></testcase><testcase classname="GravityTestSphere__test_standard" name="test_standard" time="0.059"></testcase><testcase classname="GravityTestSphere__test_standard" name="test_standard" time="0.050"></testcase><testcase classname="GravityTestSphere__test_standard" name="test_standard" time="0.052"></testcase><testcase classname="GravityTestSphere__test_standard" name="test_standard" time="0.056"></testcase><testcase classname="GravityTestSphere__test_standard" name="test_standard" time="0.055"></testcase><testcase classname="GravityTestSphere__test_standard" name="test_standard" time="0.040"></testcase><testcase classname="GravityTestSphere__test_standard" name="test_standard" time="0.044"></testcase><testcase classname="GravityTestSphere__test_standard" name="test_standard" time="0.052"></testcase><testcase classname="GravityTestSphere__test_standard" name="test_standard" time="0.046"></testcase><testcase classname="GravityTestSphere__test_standard" name="test_standard" time="0.050"></testcase><testcase classname="GravityTestSphere__test_standard" name="test_standard" time="0.046"></testcase><testcase classname="GravityTestSphere__test_standard" name="test_standard" time="0.059"></testcase><testcase classname="GravityTestSphere__test_standard" name="test_standard" time="0.044"></testcase><testcase classname="GravityTestSphere__test_standard" name="test_standard" time="0.051"></testcase><testcase classname="GravityTestSphere__test_standard" name="test_standard" time="0.058"></testcase><testcase classname="GravityTestSphere__test_standard" name="test_standard" time="0.049"></testcase><testcase classname="GravityTestSphere__test_standard" name="test_standard" time="0.053"></testcase><testcase classname="GravityTestSphere__test_standard" name="test_standard" time="0.048"></testcase><testcase classname="GravityTestSphere__test_standard" name="test_standard" time="0.056"></testcase><testcase classname="GravityTestSphere__test_standard" name="test_standard" time="0.060"></testcase><testcase classname="GravityTestSphere__test_standard" name="test_exist" time="0.000"></testcase><testcase classname="TestOrbit__test_orbit" name="test_orbit" time="0.485"></testcase><testcase classname="TestOrbit__test_orbit" name="test_orbit" time="0.008"></testcase><testcase classname="TestOrbit__test_standard" name="test_standard" time="0.023"></testcase><testcase classname="TestOrbit__test_standard" name="test_exist" time="0.000"></testcase><testcase classname="FreeExpansion__test_free_expansion" name="test_collapse_max_value" time="0.429"></testcase><testcase classname="FreeExpansion__test_standard" name="test_standard" time="0.384"></testcase><testcase classname="FreeExpansion__test_standard" name="test_standard" time="0.009"></testcase><testcase classname="FreeExpansion__test_standard" name="test_standard" time="0.009"></testcase><testcase classname="FreeExpansion__test_standard" name="test_standard" time="0.004"></testcase><testcase classname="FreeExpansion__test_standard" name="test_standard" time="0.004"></testcase><testcase classname="FreeExpansion__test_standard" name="test_standard" time="0.004"></testcase><testcase classname="FreeExpansion__test_standard" name="test_standard" time="0.004"></testcase><testcase classname="FreeExpansion__test_standard" name="test_standard" time="0.008"></testcase><testcase classname="FreeExpansion__test_standard" name="test_standard" time="0.008"></testcase><testcase classname="FreeExpansion__test_standard" name="test_standard" time="0.009"></testcase><testcase classname="FreeExpansion__test_standard" name="test_standard" time="0.004"></testcase><testcase classname="FreeExpansion__test_standard" name="test_standard" time="0.004"></testcase><testcase classname="FreeExpansion__test_standard" name="test_standard" time="0.004"></testcase><testcase classname="FreeExpansion__test_standard" name="test_standard" time="0.004"></testcase><testcase classname="FreeExpansion__test_standard" name="test_standard" time="0.008"></testcase><testcase classname="FreeExpansion__test_standard" name="test_standard" time="0.008"></testcase><testcase classname="FreeExpansion__test_standard" name="test_standard" time="0.009"></testcase><testcase classname="FreeExpansion__test_standard" name="test_standard" time="0.004"></testcase><testcase classname="FreeExpansion__test_standard" name="test_standard" time="0.005"></testcase><testcase classname="FreeExpansion__test_standard" name="test_standard" time="0.004"></testcase><testcase classname="FreeExpansion__test_standard" name="test_standard" time="0.004"></testcase><testcase classname="FreeExpansion__test_standard" name="test_standard" time="0.008"></testcase><testcase classname="FreeExpansion__test_standard" name="test_standard" time="0.009"></testcase><testcase classname="FreeExpansion__test_standard" name="test_standard" time="0.010"></testcase><testcase classname="FreeExpansion__test_standard" name="test_standard" time="0.004"></testcase><testcase classname="FreeExpansion__test_standard" name="test_standard" time="0.004"></testcase><testcase classname="FreeExpansion__test_standard" name="test_standard" time="0.004"></testcase><testcase classname="FreeExpansion__test_standard" name="test_standard" time="0.004"></testcase><testcase classname="FreeExpansion__test_standard" name="test_standard" time="0.008"></testcase><testcase classname="FreeExpansion__test_standard" name="test_exist" time="0.000"></testcase><testcase classname="InteractingBlastWaves__test_standard" name="test_standard" time="0.371"></testcase><testcase classname="InteractingBlastWaves__test_standard" name="test_standard" time="0.482"></testcase><testcase classname="InteractingBlastWaves__test_standard" name="test_standard" time="0.028"></testcase><testcase classname="InteractingBlastWaves__test_standard" name="test_standard" time="0.004"></testcase><testcase classname="InteractingBlastWaves__test_standard" name="test_standard" time="0.004"></testcase><testcase classname="InteractingBlastWaves__test_standard" name="test_standard" time="0.005"></testcase><testcase classname="InteractingBlastWaves__test_standard" name="test_standard" time="0.004"></testcase><testcase classname="InteractingBlastWaves__test_standard" name="test_standard" time="0.033"></testcase><testcase classname="InteractingBlastWaves__test_standard" name="test_standard" time="0.023"></testcase><testcase classname="InteractingBlastWaves__test_standard" name="test_standard" time="0.033"></testcase><testcase classname="InteractingBlastWaves__test_standard" name="test_standard" time="0.005"></testcase><testcase classname="InteractingBlastWaves__test_standard" name="test_standard" time="0.004"></testcase><testcase classname="InteractingBlastWaves__test_standard" name="test_standard" time="0.004"></testcase><testcase classname="InteractingBlastWaves__test_standard" name="test_standard" time="0.004"></testcase><testcase classname="InteractingBlastWaves__test_standard" name="test_standard" time="0.033"></testcase><testcase classname="InteractingBlastWaves__test_standard" name="test_exist" time="0.000"></testcase><testcase classname="PressurelessCollapse__test_standard" name="test_standard" time="0.132"></testcase><testcase classname="PressurelessCollapse__test_standard" name="test_standard" time="0.424"></testcase><testcase classname="PressurelessCollapse__test_standard" name="test_standard" time="0.008"></testcase><testcase classname="PressurelessCollapse__test_standard" name="test_standard" time="0.004"></testcase><testcase classname="PressurelessCollapse__test_standard" name="test_standard" time="0.004"></testcase><testcase classname="PressurelessCollapse__test_standard" name="test_standard" time="0.004"></testcase><testcase classname="PressurelessCollapse__test_standard" name="test_standard" time="0.004"></testcase><testcase classname="PressurelessCollapse__test_standard" name="test_standard" time="0.007"></testcase><testcase classname="PressurelessCollapse__test_standard" name="test_standard" time="0.008"></testcase><testcase classname="PressurelessCollapse__test_standard" name="test_standard" time="0.009"></testcase><testcase classname="PressurelessCollapse__test_standard" name="test_standard" time="0.004"></testcase><testcase classname="PressurelessCollapse__test_standard" name="test_standard" time="0.004"></testcase><testcase classname="PressurelessCollapse__test_standard" name="test_standard" time="0.004"></testcase><testcase classname="PressurelessCollapse__test_standard" name="test_standard" time="0.004"></testcase><testcase classname="PressurelessCollapse__test_standard" name="test_standard" time="0.007"></testcase><testcase classname="PressurelessCollapse__test_standard" name="test_exist" time="0.000"></testcase><testcase classname="ShockInABox__test_shockinabox" name="test_shockinabox" time="0.000"></testcase><testcase classname="ShockInABox__test_standard" name="test_standard" time="0.096"></testcase><testcase classname="ShockInABox__test_standard" name="test_standard" time="0.455"></testcase><testcase classname="ShockInABox__test_standard" name="test_standard" time="0.014"></testcase><testcase classname="ShockInABox__test_standard" name="test_standard" time="0.004"></testcase><testcase classname="ShockInABox__test_standard" name="test_standard" time="0.004"></testcase><testcase classname="ShockInABox__test_standard" name="test_standard" time="0.004"></testcase><testcase classname="ShockInABox__test_standard" name="test_standard" time="0.004"></testcase><testcase classname="ShockInABox__test_standard" name="test_standard" time="0.012"></testcase><testcase classname="ShockInABox__test_standard" name="test_standard" time="0.014"></testcase><testcase classname="ShockInABox__test_standard" name="test_standard" time="0.015"></testcase><testcase classname="ShockInABox__test_standard" name="test_standard" time="0.004"></testcase><testcase classname="ShockInABox__test_standard" name="test_standard" time="0.004"></testcase><testcase classname="ShockInABox__test_standard" name="test_standard" time="0.004"></testcase><testcase classname="ShockInABox__test_standard" name="test_standard" time="0.004"></testcase><testcase classname="ShockInABox__test_standard" name="test_standard" time="0.011"></testcase><testcase classname="ShockInABox__test_standard" name="test_exist" time="0.000"></testcase><testcase classname="SodShockTube__test_sod" name="test_sod" time="0.000"></testcase><testcase classname="SodShockTube__test_sod" name="test_sod" time="0.000"></testcase><testcase classname="SodShockTube__test_sod" name="test_sod" time="0.000"></testcase><testcase classname="SodShockTube__test_sod" name="test_sod" time="0.000"></testcase><testcase classname="SodShockTube__test_standard" name="test_standard" time="0.023"></testcase><testcase classname="SodShockTube__test_standard" name="test_standard" time="0.439"></testcase><testcase classname="SodShockTube__test_standard" name="test_standard" time="0.009"></testcase><testcase classname="SodShockTube__test_standard" name="test_standard" time="0.004"></testcase><testcase classname="SodShockTube__test_standard" name="test_standard" time="0.004"></testcase><testcase classname="SodShockTube__test_standard" name="test_standard" time="0.004"></testcase><testcase classname="SodShockTube__test_standard" name="test_standard" time="0.004"></testcase><testcase classname="SodShockTube__test_standard" name="test_standard" time="0.008"></testcase><testcase classname="SodShockTube__test_standard" name="test_standard" time="0.010"></testcase><testcase classname="SodShockTube__test_standard" name="test_standard" time="0.010"></testcase><testcase classname="SodShockTube__test_standard" name="test_standard" time="0.004"></testcase><testcase classname="SodShockTube__test_standard" name="test_standard" time="0.004"></testcase><testcase classname="SodShockTube__test_standard" name="test_standard" time="0.004"></testcase><testcase classname="SodShockTube__test_standard" name="test_standard" time="0.004"></testcase><testcase classname="SodShockTube__test_standard" name="test_standard" time="0.007"></testcase><testcase classname="SodShockTube__test_standard" name="test_exist" time="0.000"></testcase><testcase classname="Toro-1-ShockTube__test_standard" name="test_standard" time="0.024"></testcase><testcase classname="Toro-1-ShockTube__test_standard" name="test_standard" time="0.444"></testcase><testcase classname="Toro-1-ShockTube__test_standard" name="test_standard" time="0.009"></testcase><testcase classname="Toro-1-ShockTube__test_standard" name="test_standard" time="0.004"></testcase><testcase classname="Toro-1-ShockTube__test_standard" name="test_standard" time="0.004"></testcase><testcase classname="Toro-1-ShockTube__test_standard" name="test_standard" time="0.004"></testcase><testcase classname="Toro-1-ShockTube__test_standard" name="test_standard" time="0.004"></testcase><testcase classname="Toro-1-ShockTube__test_standard" name="test_standard" time="0.008"></testcase><testcase classname="Toro-1-ShockTube__test_standard" name="test_standard" time="0.009"></testcase><testcase classname="Toro-1-ShockTube__test_standard" name="test_standard" time="0.009"></testcase><testcase classname="Toro-1-ShockTube__test_standard" name="test_standard" time="0.004"></testcase><testcase classname="Toro-1-ShockTube__test_standard" name="test_standard" time="0.004"></testcase><testcase classname="Toro-1-ShockTube__test_standard" name="test_standard" time="0.004"></testcase><testcase classname="Toro-1-ShockTube__test_standard" name="test_standard" time="0.004"></testcase><testcase classname="Toro-1-ShockTube__test_standard" name="test_standard" time="0.008"></testcase><testcase classname="Toro-1-ShockTube__test_standard" name="test_exist" time="0.000"></testcase><testcase classname="Toro-1-ShockTube__test_toro1" name="test_toro1" time="0.000"></testcase><testcase classname="Toro-1-ShockTube__test_toro1" name="test_toro1" time="0.000"></testcase><testcase classname="Toro-1-ShockTube__test_toro1" name="test_toro1" time="0.000"></testcase><testcase classname="Toro-1-ShockTube__test_toro1" name="test_toro1" time="0.000"></testcase><testcase classname="Toro-1-ShockTube__test_toro1" name="test_toro1" time="0.000"></testcase><testcase classname="Toro-1-ShockTube__test_toro1" name="test_toro1" time="0.000"></testcase><testcase classname="Toro-1-ShockTube__test_toro1" name="test_toro1" time="0.000"></testcase><testcase classname="Toro-1-ShockTube__test_toro1" name="test_toro1" time="0.000"></testcase><testcase classname="Toro-1-ShockTubeAMR__test_standard" name="test_standard" time="0.022"></testcase><testcase classname="Toro-1-ShockTubeAMR__test_standard" name="test_standard" time="0.442"></testcase><testcase classname="Toro-1-ShockTubeAMR__test_standard" name="test_standard" time="0.018"></testcase><testcase classname="Toro-1-ShockTubeAMR__test_standard" name="test_standard" time="0.004"></testcase><testcase classname="Toro-1-ShockTubeAMR__test_standard" name="test_standard" time="0.004"></testcase><testcase classname="Toro-1-ShockTubeAMR__test_standard" name="test_standard" time="0.004"></testcase><testcase classname="Toro-1-ShockTubeAMR__test_standard" name="test_standard" time="0.004"></testcase><testcase classname="Toro-1-ShockTubeAMR__test_standard" name="test_standard" time="0.014"></testcase><testcase classname="Toro-1-ShockTubeAMR__test_standard" name="test_standard" time="0.018"></testcase><testcase classname="Toro-1-ShockTubeAMR__test_standard" name="test_standard" time="0.021"></testcase><testcase classname="Toro-1-ShockTubeAMR__test_standard" name="test_standard" time="0.004"></testcase><testcase classname="Toro-1-ShockTubeAMR__test_standard" name="test_standard" time="0.004"></testcase><testcase classname="Toro-1-ShockTubeAMR__test_standard" name="test_standard" time="0.004"></testcase><testcase classname="Toro-1-ShockTubeAMR__test_standard" name="test_standard" time="0.004"></testcase><testcase classname="Toro-1-ShockTubeAMR__test_standard" name="test_standard" time="0.014"></testcase><testcase classname="Toro-1-ShockTubeAMR__test_standard" name="test_exist" time="0.000"></testcase><testcase classname="Toro-1-ShockTubeAMR__test_toro1_amr" name="test_toro1_amr" time="0.000"></testcase><testcase classname="Toro-1-ShockTubeAMR__test_toro1_amr" name="test_toro1_amr" time="0.000"></testcase><testcase classname="Toro-1-ShockTubeAMR__test_toro1_amr" name="test_toro1_amr" time="0.000"></testcase><testcase classname="Toro-1-ShockTubeAMR__test_toro1_amr" name="test_toro1_amr" time="0.000"></testcase><testcase classname="Toro-1-ShockTubeAMR__test_toro1_amr" name="test_toro1_amr" time="0.000"></testcase><testcase classname="Toro-1-ShockTubeAMR__test_toro1_amr" name="test_toro1_amr" time="0.000"></testcase><testcase classname="Toro-1-ShockTubeAMR__test_toro1_amr" name="test_toro1_amr" time="0.000"></testcase><testcase classname="Toro-1-ShockTubeAMR__test_toro1_amr" name="test_toro1_amr" time="0.000"></testcase><testcase classname="Toro-2-ShockTube__test_standard" name="test_standard" time="0.021"></testcase><testcase classname="Toro-2-ShockTube__test_standard" name="test_standard" time="0.431"></testcase><testcase classname="Toro-2-ShockTube__test_standard" name="test_standard" time="0.010"></testcase><testcase classname="Toro-2-ShockTube__test_standard" name="test_standard" time="0.005"></testcase><testcase classname="Toro-2-ShockTube__test_standard" name="test_standard" time="0.005"></testcase><testcase classname="Toro-2-ShockTube__test_standard" name="test_standard" time="0.004"></testcase><testcase classname="Toro-2-ShockTube__test_standard" name="test_standard" time="0.005"></testcase><testcase classname="Toro-2-ShockTube__test_standard" name="test_standard" time="0.008"></testcase><testcase classname="Toro-2-ShockTube__test_standard" name="test_standard" time="0.010"></testcase><testcase classname="Toro-2-ShockTube__test_standard" name="test_standard" time="0.011"></testcase><testcase classname="Toro-2-ShockTube__test_standard" name="test_standard" time="0.004"></testcase><testcase classname="Toro-2-ShockTube__test_standard" name="test_standard" time="0.004"></testcase><testcase classname="Toro-2-ShockTube__test_standard" name="test_standard" time="0.004"></testcase><testcase classname="Toro-2-ShockTube__test_standard" name="test_standard" time="0.004"></testcase><testcase classname="Toro-2-ShockTube__test_standard" name="test_standard" time="0.008"></testcase><testcase classname="Toro-2-ShockTube__test_standard" name="test_exist" time="0.000"></testcase><testcase classname="Toro-2-ShockTube__test_toro2" name="test_toro2" time="0.000"></testcase><testcase classname="Toro-2-ShockTube__test_toro2" name="test_toro2" time="0.000"></testcase><testcase classname="Toro-2-ShockTube__test_toro2" name="test_toro2" time="0.000"></testcase><testcase classname="Toro-2-ShockTube__test_toro2" name="test_toro2" time="0.000"></testcase><testcase classname="Toro-2-ShockTubeAMR__test_standard" name="test_standard" time="0.022"></testcase><testcase classname="Toro-2-ShockTubeAMR__test_standard" name="test_standard" time="0.440"></testcase><testcase classname="Toro-2-ShockTubeAMR__test_standard" name="test_standard" time="0.020"></testcase><testcase classname="Toro-2-ShockTubeAMR__test_standard" name="test_standard" time="0.004"></testcase><testcase classname="Toro-2-ShockTubeAMR__test_standard" name="test_standard" time="0.004"></testcase><testcase classname="Toro-2-ShockTubeAMR__test_standard" name="test_standard" time="0.004"></testcase><testcase classname="Toro-2-ShockTubeAMR__test_standard" name="test_standard" time="0.004"></testcase><testcase classname="Toro-2-ShockTubeAMR__test_standard" name="test_standard" time="0.016"></testcase><testcase classname="Toro-2-ShockTubeAMR__test_standard" name="test_standard" time="0.019"></testcase><testcase classname="Toro-2-ShockTubeAMR__test_standard" name="test_standard" time="0.023"></testcase><testcase classname="Toro-2-ShockTubeAMR__test_standard" name="test_standard" time="0.004"></testcase><testcase classname="Toro-2-ShockTubeAMR__test_standard" name="test_standard" time="0.004"></testcase><testcase classname="Toro-2-ShockTubeAMR__test_standard" name="test_standard" time="0.003"></testcase><testcase classname="Toro-2-ShockTubeAMR__test_standard" name="test_standard" time="0.005"></testcase><testcase classname="Toro-2-ShockTubeAMR__test_standard" name="test_standard" time="0.018"></testcase><testcase classname="Toro-2-ShockTubeAMR__test_standard" name="test_exist" time="0.000"></testcase><testcase classname="Toro-2-ShockTubeAMR__test_toro2_amr" name="test_toro2_amr" time="0.001"></testcase><testcase classname="Toro-2-ShockTubeAMR__test_toro2_amr" name="test_toro2_amr" time="0.000"></testcase><testcase classname="Toro-2-ShockTubeAMR__test_toro2_amr" name="test_toro2_amr" time="0.000"></testcase><testcase classname="Toro-2-ShockTubeAMR__test_toro2_amr" name="test_toro2_amr" time="0.000"></testcase><testcase classname="Toro-2-ShockTubeAMR__test_toro2_amr" name="test_toro2_amr" time="0.000"></testcase><testcase classname="Toro-2-ShockTubeAMR__test_toro2_amr" name="test_toro2_amr" time="0.000"></testcase><testcase classname="Toro-2-ShockTubeAMR__test_toro2_amr" name="test_toro2_amr" time="0.000"></testcase><testcase classname="Toro-2-ShockTubeAMR__test_toro2_amr" name="test_toro2_amr" time="0.000"></testcase><testcase classname="Toro-3-ShockTube__test_standard" name="test_standard" time="0.022"></testcase><testcase classname="Toro-3-ShockTube__test_standard" name="test_standard" time="0.440"></testcase><testcase classname="Toro-3-ShockTube__test_standard" name="test_standard" time="0.008"></testcase><testcase classname="Toro-3-ShockTube__test_standard" name="test_standard" time="0.004"></testcase><testcase classname="Toro-3-ShockTube__test_standard" name="test_standard" time="0.004"></testcase><testcase classname="Toro-3-ShockTube__test_standard" name="test_standard" time="0.004"></testcase><testcase classname="Toro-3-ShockTube__test_standard" name="test_standard" time="0.004"></testcase><testcase classname="Toro-3-ShockTube__test_standard" name="test_standard" time="0.007"></testcase><testcase classname="Toro-3-ShockTube__test_standard" name="test_standard" time="0.009"></testcase><testcase classname="Toro-3-ShockTube__test_standard" name="test_standard" time="0.019"></testcase><testcase classname="Toro-3-ShockTube__test_standard" name="test_standard" time="0.004"></testcase><testcase classname="Toro-3-ShockTube__test_standard" name="test_standard" time="0.004"></testcase><testcase classname="Toro-3-ShockTube__test_standard" name="test_standard" time="0.004"></testcase><testcase classname="Toro-3-ShockTube__test_standard" name="test_standard" time="0.004"></testcase><testcase classname="Toro-3-ShockTube__test_standard" name="test_standard" time="0.012"></testcase><testcase classname="Toro-3-ShockTube__test_standard" name="test_exist" time="0.000"></testcase><testcase classname="Toro-3-ShockTube__test_toro3" name="test_toro3" time="0.000"></testcase><testcase classname="Toro-3-ShockTube__test_toro3" name="test_toro3" time="0.000"></testcase><testcase classname="Toro-3-ShockTube__test_toro3" name="test_toro3" time="0.000"></testcase><testcase classname="Toro-3-ShockTube__test_toro3" name="test_toro3" time="0.000"></testcase><testcase classname="Toro-3-ShockTube__test_toro3" name="test_toro3" time="0.000"></testcase><testcase classname="Toro-3-ShockTube__test_toro3" name="test_toro3" time="0.000"></testcase><testcase classname="Toro-3-ShockTube__test_toro3" name="test_toro3" time="0.000"></testcase><testcase classname="Toro-3-ShockTube__test_toro3" name="test_toro3" time="0.000"></testcase><testcase classname="Toro-3-ShockTubeAMR__test_standard" name="test_standard" time="0.023"></testcase><testcase classname="Toro-3-ShockTubeAMR__test_standard" name="test_standard" time="0.416"></testcase><testcase classname="Toro-3-ShockTubeAMR__test_standard" name="test_standard" time="0.021"></testcase><testcase classname="Toro-3-ShockTubeAMR__test_standard" name="test_standard" time="0.004"></testcase><testcase classname="Toro-3-ShockTubeAMR__test_standard" name="test_standard" time="0.004"></testcase><testcase classname="Toro-3-ShockTubeAMR__test_standard" name="test_standard" time="0.004"></testcase><testcase classname="Toro-3-ShockTubeAMR__test_standard" name="test_standard" time="0.004"></testcase><testcase classname="Toro-3-ShockTubeAMR__test_standard" name="test_standard" time="0.021"></testcase><testcase classname="Toro-3-ShockTubeAMR__test_standard" name="test_standard" time="0.022"></testcase><testcase classname="Toro-3-ShockTubeAMR__test_standard" name="test_standard" time="0.026"></testcase><testcase classname="Toro-3-ShockTubeAMR__test_standard" name="test_standard" time="0.004"></testcase><testcase classname="Toro-3-ShockTubeAMR__test_standard" name="test_standard" time="0.004"></testcase><testcase classname="Toro-3-ShockTubeAMR__test_standard" name="test_standard" time="0.004"></testcase><testcase classname="Toro-3-ShockTubeAMR__test_standard" name="test_standard" time="0.004"></testcase><testcase classname="Toro-3-ShockTubeAMR__test_standard" name="test_standard" time="0.021"></testcase><testcase classname="Toro-3-ShockTubeAMR__test_standard" name="test_exist" time="0.000"></testcase><testcase classname="Toro-3-ShockTubeAMR__test_toro3_amr" name="test_toro3_amr" time="0.000"></testcase><testcase classname="Toro-3-ShockTubeAMR__test_toro3_amr" name="test_toro3_amr" time="0.000"></testcase><testcase classname="Toro-3-ShockTubeAMR__test_toro3_amr" name="test_toro3_amr" time="0.000"></testcase><testcase classname="Toro-3-ShockTubeAMR__test_toro3_amr" name="test_toro3_amr" time="0.000"></testcase><testcase classname="Toro-3-ShockTubeAMR__test_toro3_amr" name="test_toro3_amr" time="0.000"></testcase><testcase classname="Toro-3-ShockTubeAMR__test_toro3_amr" name="test_toro3_amr" time="0.000"></testcase><testcase classname="Toro-3-ShockTubeAMR__test_toro3_amr" name="test_toro3_amr" time="0.000"></testcase><testcase classname="Toro-3-ShockTubeAMR__test_toro3_amr" name="test_toro3_amr" time="0.000"></testcase><testcase classname="Toro-4-ShockTube__test_standard" name="test_standard" time="0.022"></testcase><testcase classname="Toro-4-ShockTube__test_standard" name="test_standard" time="0.462"></testcase><testcase classname="Toro-4-ShockTube__test_standard" name="test_standard" time="0.009"></testcase><testcase classname="Toro-4-ShockTube__test_standard" name="test_standard" time="0.004"></testcase><testcase classname="Toro-4-ShockTube__test_standard" name="test_standard" time="0.004"></testcase><testcase classname="Toro-4-ShockTube__test_standard" name="test_standard" time="0.004"></testcase><testcase classname="Toro-4-ShockTube__test_standard" name="test_standard" time="0.004"></testcase><testcase classname="Toro-4-ShockTube__test_standard" name="test_standard" time="0.008"></testcase><testcase classname="Toro-4-ShockTube__test_standard" name="test_standard" time="0.009"></testcase><testcase classname="Toro-4-ShockTube__test_standard" name="test_standard" time="0.010"></testcase><testcase classname="Toro-4-ShockTube__test_standard" name="test_standard" time="0.004"></testcase><testcase classname="Toro-4-ShockTube__test_standard" name="test_standard" time="0.004"></testcase><testcase classname="Toro-4-ShockTube__test_standard" name="test_standard" time="0.004"></testcase><testcase classname="Toro-4-ShockTube__test_standard" name="test_standard" time="0.004"></testcase><testcase classname="Toro-4-ShockTube__test_standard" name="test_standard" time="0.008"></testcase><testcase classname="Toro-4-ShockTube__test_standard" name="test_exist" time="0.000"></testcase><testcase classname="Toro-4-ShockTube__test_toro4" name="test_toro4" time="0.000"></testcase><testcase classname="Toro-4-ShockTube__test_toro4" name="test_toro4" time="0.000"></testcase><testcase classname="Toro-4-ShockTube__test_toro4" name="test_toro4" time="0.000"></testcase><testcase classname="Toro-4-ShockTube__test_toro4" name="test_toro4" time="0.000"></testcase><testcase classname="Toro-4-ShockTube__test_toro4" name="test_toro4" time="0.000"></testcase><testcase classname="Toro-4-ShockTube__test_toro4" name="test_toro4" time="0.000"></testcase><testcase classname="Toro-4-ShockTube__test_toro4" name="test_toro4" time="0.000"></testcase><testcase classname="Toro-4-ShockTube__test_toro4" name="test_toro4" time="0.000"></testcase><testcase classname="Toro-4-ShockTubeAMR__test_standard" name="test_standard" time="0.027"></testcase><testcase classname="Toro-4-ShockTubeAMR__test_standard" name="test_standard" time="0.469"></testcase><testcase classname="Toro-4-ShockTubeAMR__test_standard" name="test_standard" time="0.025"></testcase><testcase classname="Toro-4-ShockTubeAMR__test_standard" name="test_standard" time="0.005"></testcase><testcase classname="Toro-4-ShockTubeAMR__test_standard" name="test_standard" time="0.005"></testcase><testcase classname="Toro-4-ShockTubeAMR__test_standard" name="test_standard" time="0.005"></testcase><testcase classname="Toro-4-ShockTubeAMR__test_standard" name="test_standard" time="0.005"></testcase><testcase classname="Toro-4-ShockTubeAMR__test_standard" name="test_standard" time="0.032"></testcase><testcase classname="Toro-4-ShockTubeAMR__test_standard" name="test_standard" time="0.026"></testcase><testcase classname="Toro-4-ShockTubeAMR__test_standard" name="test_standard" time="0.035"></testcase><testcase classname="Toro-4-ShockTubeAMR__test_standard" name="test_standard" time="0.004"></testcase><testcase classname="Toro-4-ShockTubeAMR__test_standard" name="test_standard" time="0.004"></testcase><testcase classname="Toro-4-ShockTubeAMR__test_standard" name="test_standard" time="0.004"></testcase><testcase classname="Toro-4-ShockTubeAMR__test_standard" name="test_standard" time="0.006"></testcase><testcase classname="Toro-4-ShockTubeAMR__test_standard" name="test_standard" time="0.031"></testcase><testcase classname="Toro-4-ShockTubeAMR__test_standard" name="test_exist" time="0.000"></testcase><testcase classname="Toro-4-ShockTubeAMR__test_toro4_amr" name="test_toro4_amr" time="0.000"></testcase><testcase classname="Toro-4-ShockTubeAMR__test_toro4_amr" name="test_toro4_amr" time="0.000"></testcase><testcase classname="Toro-4-ShockTubeAMR__test_toro4_amr" name="test_toro4_amr" time="0.000"></testcase><testcase classname="Toro-4-ShockTubeAMR__test_toro4_amr" name="test_toro4_amr" time="0.000"></testcase><testcase classname="Toro-4-ShockTubeAMR__test_toro4_amr" name="test_toro4_amr" time="0.000"></testcase><testcase classname="Toro-4-ShockTubeAMR__test_toro4_amr" name="test_toro4_amr" time="0.000"></testcase><testcase classname="Toro-4-ShockTubeAMR__test_toro4_amr" name="test_toro4_amr" time="0.000"></testcase><testcase classname="Toro-4-ShockTubeAMR__test_toro4_amr" name="test_toro4_amr" time="0.000"></testcase><testcase classname="Toro-5-ShockTube__test_standard" name="test_standard" time="0.028"></testcase><testcase classname="Toro-5-ShockTube__test_standard" name="test_standard" time="0.420"></testcase><testcase classname="Toro-5-ShockTube__test_standard" name="test_standard" time="0.009"></testcase><testcase classname="Toro-5-ShockTube__test_standard" name="test_standard" time="0.004"></testcase><testcase classname="Toro-5-ShockTube__test_standard" name="test_standard" time="0.004"></testcase><testcase classname="Toro-5-ShockTube__test_standard" name="test_standard" time="0.004"></testcase><testcase classname="Toro-5-ShockTube__test_standard" name="test_standard" time="0.004"></testcase><testcase classname="Toro-5-ShockTube__test_standard" name="test_standard" time="0.007"></testcase><testcase classname="Toro-5-ShockTube__test_standard" name="test_standard" time="0.008"></testcase><testcase classname="Toro-5-ShockTube__test_standard" name="test_standard" time="0.009"></testcase><testcase classname="Toro-5-ShockTube__test_standard" name="test_standard" time="0.004"></testcase><testcase classname="Toro-5-ShockTube__test_standard" name="test_standard" time="0.004"></testcase><testcase classname="Toro-5-ShockTube__test_standard" name="test_standard" time="0.004"></testcase><testcase classname="Toro-5-ShockTube__test_standard" name="test_standard" time="0.004"></testcase><testcase classname="Toro-5-ShockTube__test_standard" name="test_standard" time="0.007"></testcase><testcase classname="Toro-5-ShockTube__test_standard" name="test_exist" time="0.000"></testcase><testcase classname="Toro-5-ShockTube__test_toro5" name="test_toro5_amr" time="0.000"></testcase><testcase classname="Toro-5-ShockTube__test_toro5" name="test_toro5_amr" time="0.000"></testcase><testcase classname="Toro-5-ShockTube__test_toro5" name="test_toro5_amr" time="0.000"></testcase><testcase classname="Toro-5-ShockTubeAMR__test_standard" name="test_standard" time="0.025"></testcase><testcase classname="Toro-5-ShockTubeAMR__test_standard" name="test_standard" time="0.449"></testcase><testcase classname="Toro-5-ShockTubeAMR__test_standard" name="test_standard" time="0.019"></testcase><testcase classname="Toro-5-ShockTubeAMR__test_standard" name="test_standard" time="0.004"></testcase><testcase classname="Toro-5-ShockTubeAMR__test_standard" name="test_standard" time="0.004"></testcase><testcase classname="Toro-5-ShockTubeAMR__test_standard" name="test_standard" time="0.004"></testcase><testcase classname="Toro-5-ShockTubeAMR__test_standard" name="test_standard" time="0.004"></testcase><testcase classname="Toro-5-ShockTubeAMR__test_standard" name="test_standard" time="0.016"></testcase><testcase classname="Toro-5-ShockTubeAMR__test_standard" name="test_standard" time="0.019"></testcase><testcase classname="Toro-5-ShockTubeAMR__test_standard" name="test_standard" time="0.022"></testcase><testcase classname="Toro-5-ShockTubeAMR__test_standard" name="test_standard" time="0.004"></testcase><testcase classname="Toro-5-ShockTubeAMR__test_standard" name="test_standard" time="0.004"></testcase><testcase classname="Toro-5-ShockTubeAMR__test_standard" name="test_standard" time="0.004"></testcase><testcase classname="Toro-5-ShockTubeAMR__test_standard" name="test_standard" time="0.004"></testcase><testcase classname="Toro-5-ShockTubeAMR__test_standard" name="test_standard" time="0.016"></testcase><testcase classname="Toro-5-ShockTubeAMR__test_standard" name="test_exist" time="0.000"></testcase><testcase classname="Toro-5-ShockTubeAMR__test_toro5_amr" name="test_toro5_amr" time="0.000"></testcase><testcase classname="Toro-5-ShockTubeAMR__test_toro5_amr" name="test_toro5_amr" time="0.000"></testcase><testcase classname="Toro-5-ShockTubeAMR__test_toro5_amr" name="test_toro5_amr" time="0.000"></testcase><testcase classname="Toro-6-ShockTube__test_toro6" name="test_almost_standard" time="0.025"></testcase><testcase classname="Toro-6-ShockTube__test_toro6" name="test_almost_standard" time="0.426"></testcase><testcase classname="Toro-6-ShockTube__test_toro6" name="test_almost_standard" time="0.011"></testcase><testcase classname="Toro-6-ShockTube__test_toro6" name="test_almost_standard" time="0.007"></testcase><testcase classname="Toro-6-ShockTube__test_toro6" name="test_almost_standard" time="0.005"></testcase><testcase classname="Toro-6-ShockTube__test_toro6" name="test_almost_standard" time="0.004"></testcase><testcase classname="Toro-6-ShockTube__test_toro6" name="test_almost_standard" time="0.005"></testcase><testcase classname="Toro-6-ShockTube__test_toro6" name="test_almost_standard" time="0.009"></testcase><testcase classname="Toro-6-ShockTube__test_toro6" name="test_exist" time="0.000"></testcase><testcase classname="Toro-6-ShockTube__test_toro6" name="test_toro6" time="0.000"></testcase><testcase classname="Toro-7-ShockTube__test_standard" name="test_standard" time="0.030"></testcase><testcase classname="Toro-7-ShockTube__test_standard" name="test_standard" time="0.425"></testcase><testcase classname="Toro-7-ShockTube__test_standard" name="test_standard" time="0.010"></testcase><testcase classname="Toro-7-ShockTube__test_standard" name="test_standard" time="0.004"></testcase><testcase classname="Toro-7-ShockTube__test_standard" name="test_standard" time="0.004"></testcase><testcase classname="Toro-7-ShockTube__test_standard" name="test_standard" time="0.005"></testcase><testcase classname="Toro-7-ShockTube__test_standard" name="test_standard" time="0.005"></testcase><testcase classname="Toro-7-ShockTube__test_standard" name="test_standard" time="0.008"></testcase><testcase classname="Toro-7-ShockTube__test_standard" name="test_standard" time="0.010"></testcase><testcase classname="Toro-7-ShockTube__test_standard" name="test_standard" time="0.012"></testcase><testcase classname="Toro-7-ShockTube__test_standard" name="test_standard" time="0.004"></testcase><testcase classname="Toro-7-ShockTube__test_standard" name="test_standard" time="0.005"></testcase><testcase classname="Toro-7-ShockTube__test_standard" name="test_standard" time="0.005"></testcase><testcase classname="Toro-7-ShockTube__test_standard" name="test_standard" time="0.004"></testcase><testcase classname="Toro-7-ShockTube__test_standard" name="test_standard" time="0.010"></testcase><testcase classname="Toro-7-ShockTube__test_standard" name="test_exist" time="0.000"></testcase><testcase classname="Toro-7-ShockTube__test_toro7" name="test_toro7" time="0.000"></testcase><testcase classname="Toro-7-ShockTube__test_toro7" name="test_toro7" time="0.000"></testcase><testcase classname="Toro-7-ShockTube__test_toro7" name="test_toro7" time="0.000"></testcase><testcase classname="Toro-7-ShockTube__test_toro7" name="test_toro7" time="0.000"></testcase><testcase classname="Toro-7-ShockTube__test_toro7" name="test_toro7" time="0.000"></testcase><testcase classname="Toro-7-ShockTube__test_toro7" name="test_toro7" time="0.000"></testcase><testcase classname="Toro-7-ShockTube__test_toro7" name="test_toro7" time="0.000"></testcase><testcase classname="Toro-7-ShockTube__test_toro7" name="test_toro7" time="0.000"></testcase><testcase classname="WavePool__test_standard" name="test_standard" time="0.124"></testcase><testcase classname="WavePool__test_standard" name="test_standard" time="0.443"></testcase><testcase classname="WavePool__test_standard" name="test_standard" time="0.008"></testcase><testcase classname="WavePool__test_standard" name="test_standard" time="0.004"></testcase><testcase classname="WavePool__test_standard" name="test_standard" time="0.004"></testcase><testcase classname="WavePool__test_standard" name="test_standard" time="0.004"></testcase><testcase classname="WavePool__test_standard" name="test_standard" time="0.004"></testcase><testcase classname="WavePool__test_standard" name="test_standard" time="0.007"></testcase><testcase classname="WavePool__test_standard" name="test_standard" time="0.008"></testcase><testcase classname="WavePool__test_standard" name="test_standard" time="0.009"></testcase><testcase classname="WavePool__test_standard" name="test_standard" time="0.004"></testcase><testcase classname="WavePool__test_standard" name="test_standard" time="0.004"></testcase><testcase classname="WavePool__test_standard" name="test_standard" time="0.004"></testcase><testcase classname="WavePool__test_standard" name="test_standard" time="0.004"></testcase><testcase classname="WavePool__test_standard" name="test_standard" time="0.007"></testcase><testcase classname="WavePool__test_standard" name="test_exist" time="0.000"></testcase><testcase classname="AMRShockPool2D__test_standard" name="test_standard" time="0.374"></testcase><testcase classname="AMRShockPool2D__test_standard" name="test_standard" time="0.447"></testcase><testcase classname="AMRShockPool2D__test_standard" name="test_standard" time="0.009"></testcase><testcase classname="AMRShockPool2D__test_standard" name="test_standard" time="0.011"></testcase><testcase classname="AMRShockPool2D__test_standard" name="test_standard" time="0.010"></testcase><testcase classname="AMRShockPool2D__test_standard" name="test_standard" time="0.004"></testcase><testcase classname="AMRShockPool2D__test_standard" name="test_standard" time="0.004"></testcase><testcase classname="AMRShockPool2D__test_standard" name="test_standard" time="0.008"></testcase><testcase classname="AMRShockPool2D__test_standard" name="test_standard" time="0.009"></testcase><testcase classname="AMRShockPool2D__test_standard" name="test_standard" time="0.010"></testcase><testcase classname="AMRShockPool2D__test_standard" name="test_standard" time="0.009"></testcase><testcase classname="AMRShockPool2D__test_standard" name="test_standard" time="0.010"></testcase><testcase classname="AMRShockPool2D__test_standard" name="test_standard" time="0.004"></testcase><testcase classname="AMRShockPool2D__test_standard" name="test_standard" time="0.004"></testcase><testcase classname="AMRShockPool2D__test_standard" name="test_standard" time="0.008"></testcase><testcase classname="AMRShockPool2D__test_standard" name="test_standard" time="0.011"></testcase><testcase classname="AMRShockPool2D__test_standard" name="test_standard" time="0.011"></testcase><testcase classname="AMRShockPool2D__test_standard" name="test_standard" time="0.010"></testcase><testcase classname="AMRShockPool2D__test_standard" name="test_standard" time="0.010"></testcase><testcase classname="AMRShockPool2D__test_standard" name="test_standard" time="0.005"></testcase><testcase classname="AMRShockPool2D__test_standard" name="test_standard" time="0.005"></testcase><testcase classname="AMRShockPool2D__test_standard" name="test_standard" time="0.009"></testcase><testcase classname="AMRShockPool2D__test_standard" name="test_exist" time="0.000"></testcase><testcase classname="Athena-RayleighTaylor__test_standard" name="test_standard" time="0.546"></testcase><testcase classname="Athena-RayleighTaylor__test_standard" name="test_standard" time="0.473"></testcase><testcase classname="Athena-RayleighTaylor__test_standard" name="test_standard" time="0.014"></testcase><testcase classname="Athena-RayleighTaylor__test_standard" name="test_standard" time="0.011"></testcase><testcase classname="Athena-RayleighTaylor__test_standard" name="test_standard" time="0.011"></testcase><testcase classname="Athena-RayleighTaylor__test_standard" name="test_standard" time="0.006"></testcase><testcase classname="Athena-RayleighTaylor__test_standard" name="test_standard" time="0.005"></testcase><testcase classname="Athena-RayleighTaylor__test_standard" name="test_standard" time="0.010"></testcase><testcase classname="Athena-RayleighTaylor__test_standard" name="test_standard" time="0.011"></testcase><testcase classname="Athena-RayleighTaylor__test_standard" name="test_standard" time="0.011"></testcase><testcase classname="Athena-RayleighTaylor__test_standard" name="test_standard" time="0.011"></testcase><testcase classname="Athena-RayleighTaylor__test_standard" name="test_standard" time="0.011"></testcase><testcase classname="Athena-RayleighTaylor__test_standard" name="test_standard" time="0.005"></testcase><testcase classname="Athena-RayleighTaylor__test_standard" name="test_standard" time="0.005"></testcase><testcase classname="Athena-RayleighTaylor__test_standard" name="test_standard" time="0.009"></testcase><testcase classname="Athena-RayleighTaylor__test_standard" name="test_standard" time="0.010"></testcase><testcase classname="Athena-RayleighTaylor__test_standard" name="test_standard" time="0.011"></testcase><testcase classname="Athena-RayleighTaylor__test_standard" name="test_standard" time="0.012"></testcase><testcase classname="Athena-RayleighTaylor__test_standard" name="test_standard" time="0.011"></testcase><testcase classname="Athena-RayleighTaylor__test_standard" name="test_standard" time="0.005"></testcase><testcase classname="Athena-RayleighTaylor__test_standard" name="test_standard" time="0.005"></testcase><testcase classname="Athena-RayleighTaylor__test_standard" name="test_standard" time="0.009"></testcase><testcase classname="Athena-RayleighTaylor__test_standard" name="test_standard" time="0.013"></testcase><testcase classname="Athena-RayleighTaylor__test_standard" name="test_standard" time="0.016"></testcase><testcase classname="Athena-RayleighTaylor__test_standard" name="test_standard" time="0.013"></testcase><testcase classname="Athena-RayleighTaylor__test_standard" name="test_standard" time="0.014"></testcase><testcase classname="Athena-RayleighTaylor__test_standard" name="test_standard" time="0.005"></testcase><testcase classname="Athena-RayleighTaylor__test_standard" name="test_standard" time="0.005"></testcase><testcase classname="Athena-RayleighTaylor__test_standard" name="test_standard" time="0.009"></testcase><testcase classname="Athena-RayleighTaylor__test_standard" name="test_exist" time="0.000"></testcase><testcase classname="DoubleMachReflection__test_standard" name="test_standard" time="0.040"></testcase><testcase classname="DoubleMachReflection__test_standard" name="test_standard" time="0.407"></testcase><testcase classname="DoubleMachReflection__test_standard" name="test_standard" time="0.011"></testcase><testcase classname="DoubleMachReflection__test_standard" name="test_standard" time="0.010"></testcase><testcase classname="DoubleMachReflection__test_standard" name="test_standard" time="0.011"></testcase><testcase classname="DoubleMachReflection__test_standard" name="test_standard" time="0.004"></testcase><testcase classname="DoubleMachReflection__test_standard" name="test_standard" time="0.004"></testcase><testcase classname="DoubleMachReflection__test_standard" name="test_standard" time="0.009"></testcase><testcase classname="DoubleMachReflection__test_standard" name="test_standard" time="0.014"></testcase><testcase classname="DoubleMachReflection__test_standard" name="test_standard" time="0.012"></testcase><testcase classname="DoubleMachReflection__test_standard" name="test_standard" time="0.015"></testcase><testcase classname="DoubleMachReflection__test_standard" name="test_standard" time="0.012"></testcase><testcase classname="DoubleMachReflection__test_standard" name="test_standard" time="0.005"></testcase><testcase classname="DoubleMachReflection__test_standard" name="test_standard" time="0.013"></testcase><testcase classname="DoubleMachReflection__test_standard" name="test_standard" time="0.014"></testcase><testcase classname="DoubleMachReflection__test_standard" name="test_standard" time="0.010"></testcase><testcase classname="DoubleMachReflection__test_standard" name="test_standard" time="0.011"></testcase><testcase classname="DoubleMachReflection__test_standard" name="test_standard" time="0.011"></testcase><testcase classname="DoubleMachReflection__test_standard" name="test_standard" time="0.012"></testcase><testcase classname="DoubleMachReflection__test_standard" name="test_standard" time="0.004"></testcase><testcase classname="DoubleMachReflection__test_standard" name="test_standard" time="0.004"></testcase><testcase classname="DoubleMachReflection__test_standard" name="test_standard" time="0.009"></testcase><testcase classname="DoubleMachReflection__test_standard" name="test_exist" time="0.000"></testcase><testcase classname="FreeExpansionAMR__test_free_expansion" name="test_collapse_max_value" time="0.505"></testcase><testcase classname="FreeExpansionAMR__test_standard" name="test_standard" time="0.209"></testcase><testcase classname="FreeExpansionAMR__test_standard" name="test_standard" time="0.232"></testcase><testcase classname="FreeExpansionAMR__test_standard" name="test_standard" time="0.212"></testcase><testcase classname="FreeExpansionAMR__test_standard" name="test_standard" time="0.210"></testcase><testcase classname="FreeExpansionAMR__test_standard" name="test_standard" time="0.230"></testcase><testcase classname="FreeExpansionAMR__test_standard" name="test_standard" time="0.005"></testcase><testcase classname="FreeExpansionAMR__test_standard" name="test_standard" time="0.005"></testcase><testcase classname="FreeExpansionAMR__test_standard" name="test_standard" time="0.406"></testcase><testcase classname="FreeExpansionAMR__test_standard" name="test_standard" time="0.202"></testcase><testcase classname="FreeExpansionAMR__test_standard" name="test_standard" time="0.304"></testcase><testcase classname="FreeExpansionAMR__test_standard" name="test_standard" time="0.210"></testcase><testcase classname="FreeExpansionAMR__test_standard" name="test_standard" time="0.288"></testcase><testcase classname="FreeExpansionAMR__test_standard" name="test_standard" time="0.005"></testcase><testcase classname="FreeExpansionAMR__test_standard" name="test_standard" time="0.005"></testcase><testcase classname="FreeExpansionAMR__test_standard" name="test_standard" time="0.348"></testcase><testcase classname="FreeExpansionAMR__test_standard" name="test_standard" time="0.204"></testcase><testcase classname="FreeExpansionAMR__test_standard" name="test_standard" time="0.289"></testcase><testcase classname="FreeExpansionAMR__test_standard" name="test_standard" time="0.194"></testcase><testcase classname="FreeExpansionAMR__test_standard" name="test_standard" time="0.296"></testcase><testcase classname="FreeExpansionAMR__test_standard" name="test_standard" time="0.006"></testcase><testcase classname="FreeExpansionAMR__test_standard" name="test_standard" time="0.005"></testcase><testcase classname="FreeExpansionAMR__test_standard" name="test_standard" time="0.355"></testcase><testcase classname="FreeExpansionAMR__test_standard" name="test_standard" time="0.225"></testcase><testcase classname="FreeExpansionAMR__test_standard" name="test_standard" time="0.293"></testcase><testcase classname="FreeExpansionAMR__test_standard" name="test_standard" time="0.207"></testcase><testcase classname="FreeExpansionAMR__test_standard" name="test_standard" time="0.280"></testcase><testcase classname="FreeExpansionAMR__test_standard" name="test_standard" time="0.006"></testcase><testcase classname="FreeExpansionAMR__test_standard" name="test_standard" time="0.005"></testcase><testcase classname="FreeExpansionAMR__test_standard" name="test_standard" time="0.381"></testcase><testcase classname="FreeExpansionAMR__test_standard" name="test_exist" time="0.000"></testcase><testcase classname="HDMHD2DCheckOddEvenCouplingOfRiemannSolver__test_standard" name="test_standard" time="0.197"></testcase><testcase classname="HDMHD2DCheckOddEvenCouplingOfRiemannSolver__test_standard" name="test_standard" time="0.422"></testcase><testcase classname="HDMHD2DCheckOddEvenCouplingOfRiemannSolver__test_standard" name="test_standard" time="0.010"></testcase><testcase classname="HDMHD2DCheckOddEvenCouplingOfRiemannSolver__test_standard" name="test_standard" time="0.009"></testcase><testcase classname="HDMHD2DCheckOddEvenCouplingOfRiemannSolver__test_standard" name="test_standard" time="0.009"></testcase><testcase classname="HDMHD2DCheckOddEvenCouplingOfRiemannSolver__test_standard" name="test_standard" time="0.004"></testcase><testcase classname="HDMHD2DCheckOddEvenCouplingOfRiemannSolver__test_standard" name="test_standard" time="0.005"></testcase><testcase classname="HDMHD2DCheckOddEvenCouplingOfRiemannSolver__test_standard" name="test_standard" time="0.008"></testcase><testcase classname="HDMHD2DCheckOddEvenCouplingOfRiemannSolver__test_standard" name="test_standard" time="0.009"></testcase><testcase classname="HDMHD2DCheckOddEvenCouplingOfRiemannSolver__test_standard" name="test_standard" time="0.010"></testcase><testcase classname="HDMHD2DCheckOddEvenCouplingOfRiemannSolver__test_standard" name="test_standard" time="0.009"></testcase><testcase classname="HDMHD2DCheckOddEvenCouplingOfRiemannSolver__test_standard" name="test_standard" time="0.010"></testcase><testcase classname="HDMHD2DCheckOddEvenCouplingOfRiemannSolver__test_standard" name="test_standard" time="0.005"></testcase><testcase classname="HDMHD2DCheckOddEvenCouplingOfRiemannSolver__test_standard" name="test_standard" time="0.004"></testcase><testcase classname="HDMHD2DCheckOddEvenCouplingOfRiemannSolver__test_standard" name="test_standard" time="0.008"></testcase><testcase classname="HDMHD2DCheckOddEvenCouplingOfRiemannSolver__test_standard" name="test_standard" time="0.009"></testcase><testcase classname="HDMHD2DCheckOddEvenCouplingOfRiemannSolver__test_standard" name="test_standard" time="0.010"></testcase><testcase classname="HDMHD2DCheckOddEvenCouplingOfRiemannSolver__test_standard" name="test_standard" time="0.009"></testcase><testcase classname="HDMHD2DCheckOddEvenCouplingOfRiemannSolver__test_standard" name="test_standard" time="0.010"></testcase><testcase classname="HDMHD2DCheckOddEvenCouplingOfRiemannSolver__test_standard" name="test_standard" time="0.004"></testcase><testcase classname="HDMHD2DCheckOddEvenCouplingOfRiemannSolver__test_standard" name="test_standard" time="0.0
[...]
    testMethod()
  File "/home/dcollins4096/local-yt-2014-01-01/lib/python2.7/site-packages/nose-1.3.0-py2.7.egg/nose/loader.py", line 253, in generate
    for test in g():
  File "/home/dcollins4096/local-yt-2014-01-01/src/yt-hg/yt/frontends/enzo/answer_testing_support.py", line 38, in fyielder
    for t in func(*args, **kwargs):
  File "/scratch1/dcollins/TestRunner/cosmo/eac22573ce3f_E12/RadiationTransportFLD/Grey_Enzochem/CosmoIonization_q05z4_enzochem/CosmoIonization_q05z4_enzochem__test_standard.py", line 32, in test_standard
    base_pf = sim[0]
  File "/home/dcollins4096/local-yt-2014-01-01/src/yt-hg/yt/data_objects/time_series.py", line 121, in __getitem__
    "Confirm you are running from the simulation source directory.")
InvalidSimulationTimeSeries: Your TimeSeries is empty. 
Confirm you are running from the simulation source directory.
]]></error></testcase><testcase classname="CosmoIonization_q05z4_enzochem__test_standard" name="test_exist" time="0.000"></testcase><testcase classname="CosmoIonization_q5z10_enzochem__test_standard" name="test_standard" time="0.005"></testcase><testcase classname="nose.failure.Failure" name="runTest" time="0.000"><error type="yt.utilities.exceptions.InvalidSimulationTimeSeries" message="Your TimeSeries is empty. &#10;Confirm you are running from the simulation source directory."><![CDATA[Traceback (most recent call last):
  File "/home/dcollins4096/local-yt-2014-01-01/lib/python2.7/unittest/case.py", line 331, in run
    testMethod()
  File "/home/dcollins4096/local-yt-2014-01-01/lib/python2.7/site-packages/nose-1.3.0-py2.7.egg/nose/loader.py", line 253, in generate
    for test in g():
  File "/home/dcollins4096/local-yt-2014-01-01/src/yt-hg/yt/frontends/enzo/answer_testing_support.py", line 38, in fyielder
    for t in func(*args, **kwargs):
  File "/scratch1/dcollins/TestRunner/cosmo/eac22573ce3f_E12/RadiationTransportFLD/Grey_Enzochem/CosmoIonization_q5z10_enzochem/CosmoIonization_q5z10_enzochem__test_standard.py", line 32, in test_standard
    base_pf = sim[0]
  File "/home/dcollins4096/local-yt-2014-01-01/src/yt-hg/yt/data_objects/time_series.py", line 121, in __getitem__
    "Confirm you are running from the simulation source directory.")
InvalidSimulationTimeSeries: Your TimeSeries is empty. 
Confirm you are running from the simulation source directory.
]]></error></testcase><testcase classname="CosmoIonization_q5z10_enzochem__test_standard" name="test_exist" time="0.000"></testcase><testcase classname="CosmoIonization_q5z4_enzochem__test_standard" name="test_standard" time="0.005"></testcase><testcase classname="nose.failure.Failure" name="runTest" time="0.000"><error type="yt.utilities.exceptions.InvalidSimulationTimeSeries" message="Your TimeSeries is empty. &#10;Confirm you are running from the simulation source directory."><![CDATA[Traceback (most recent call last):
  File "/home/dcollins4096/local-yt-2014-01-01/lib/python2.7/unittest/case.py", line 331, in run
    testMethod()
  File "/home/dcollins4096/local-yt-2014-01-01/lib/python2.7/site-packages/nose-1.3.0-py2.7.egg/nose/loader.py", line 253, in generate
    for test in g():
  File "/home/dcollins4096/local-yt-2014-01-01/src/yt-hg/yt/frontends/enzo/answer_testing_support.py", line 38, in fyielder
    for t in func(*args, **kwargs):
  File "/scratch1/dcollins/TestRunner/cosmo/eac22573ce3f_E12/RadiationTransportFLD/Grey_Enzochem/CosmoIonization_q5z4_enzochem/CosmoIonization_q5z4_enzochem__test_standard.py", line 32, in test_standard
    base_pf = sim[0]
  File "/home/dcollins4096/local-yt-2014-01-01/src/yt-hg/yt/data_objects/time_series.py", line 121, in __getitem__
    "Confirm you are running from the simulation source directory.")
InvalidSimulationTimeSeries: Your TimeSeries is empty. 
Confirm you are running from the simulation source directory.
]]></error></testcase><testcase classname="CosmoIonization_q5z4_enzochem__test_standard" name="test_exist" time="0.000"></testcase><testcase classname="RHIonization1_enzochem__test_standard" name="test_standard" time="0.006"></testcase><testcase classname="nose.failure.Failure" name="runTest" time="0.000"><error type="yt.utilities.exceptions.InvalidSimulationTimeSeries" message="Your TimeSeries is empty. &#10;Confirm you are running from the simulation source directory."><![CDATA[Traceback (most recent call last):
  File "/home/dcollins4096/local-yt-2014-01-01/lib/python2.7/unittest/case.py", line 331, in run
    testMethod()
  File "/home/dcollins4096/local-yt-2014-01-01/lib/python2.7/site-packages/nose-1.3.0-py2.7.egg/nose/loader.py", line 253, in generate
    for test in g():
  File "/home/dcollins4096/local-yt-2014-01-01/src/yt-hg/yt/frontends/enzo/answer_testing_support.py", line 38, in fyielder
    for t in func(*args, **kwargs):
  File "/scratch1/dcollins/TestRunner/cosmo/eac22573ce3f_E12/RadiationTransportFLD/Grey_Enzochem/RHIonization1_enzochem/RHIonization1_enzochem__test_standard.py", line 32, in test_standard
    base_pf = sim[0]
  File "/home/dcollins4096/local-yt-2014-01-01/src/yt-hg/yt/data_objects/time_series.py", line 121, in __getitem__
    "Confirm you are running from the simulation source directory.")
InvalidSimulationTimeSeries: Your TimeSeries is empty. 
Confirm you are running from the simulation source directory.
]]></error></testcase><testcase classname="RHIonization1_enzochem__test_standard" name="test_exist" time="0.000"></testcase><testcase classname="RHIonization2_enzochem__test_standard" name="test_standard" time="0.005"></testcase><testcase classname="nose.failure.Failure" name="runTest" time="0.000"><error type="yt.utilities.exceptions.InvalidSimulationTimeSeries" message="Your TimeSeries is empty. &#10;Confirm you are running from the simulation source directory."><![CDATA[Traceback (most recent call last):
  File "/home/dcollins4096/local-yt-2014-01-01/lib/python2.7/unittest/case.py", line 331, in run
    testMethod()
  File "/home/dcollins4096/local-yt-2014-01-01/lib/python2.7/site-packages/nose-1.3.0-py2.7.egg/nose/loader.py", line 253, in generate
    for test in g():
  File "/home/dcollins4096/local-yt-2014-01-01/src/yt-hg/yt/frontends/enzo/answer_testing_support.py", line 38, in fyielder
    for t in func(*args, **kwargs):
  File "/scratch1/dcollins/TestRunner/cosmo/eac22573ce3f_E12/RadiationTransportFLD/Grey_Enzochem/RHIonization2_enzochem/RHIonization2_enzochem__test_standard.py", line 32, in test_standard
    base_pf = sim[0]
  File "/home/dcollins4096/local-yt-2014-01-01/src/yt-hg/yt/data_objects/time_series.py", line 121, in __getitem__
    "Confirm you are running from the simulation source directory.")
InvalidSimulationTimeSeries: Your TimeSeries is empty. 
Confirm you are running from the simulation source directory.
]]></error></testcase><testcase classname="RHIonization2_enzochem__test_standard" name="test_exist" time="0.000"></testcase><testcase classname="CosmoIonization_q05z10_sp__test_standard" name="test_standard" time="0.005"></testcase><testcase classname="nose.failure.Failure" name="runTest" time="0.000"><error type="yt.utilities.exceptions.InvalidSimulationTimeSeries" message="Your TimeSeries is empty. &#10;Confirm you are running from the simulation source directory."><![CDATA[Traceback (most recent call last):
  File "/home/dcollins4096/local-yt-2014-01-01/lib/python2.7/unittest/case.py", line 331, in run
    testMethod()
  File "/home/dcollins4096/local-yt-2014-01-01/lib/python2.7/site-packages/nose-1.3.0-py2.7.egg/nose/loader.py", line 253, in generate
    for test in g():
  File "/home/dcollins4096/local-yt-2014-01-01/src/yt-hg/yt/frontends/enzo/answer_testing_support.py", line 38, in fyielder
    for t in func(*args, **kwargs):
  File "/scratch1/dcollins/TestRunner/cosmo/eac22573ce3f_E12/RadiationTransportFLD/Grey_Split/CosmoIonization_q05z10_sp/CosmoIonization_q05z10_sp__test_standard.py", line 32, in test_standard
    base_pf = sim[0]
  File "/home/dcollins4096/local-yt-2014-01-01/src/yt-hg/yt/data_objects/time_series.py", line 121, in __getitem__
    "Confirm you are running from the simulation source directory.")
InvalidSimulationTimeSeries: Your TimeSeries is empty. 
Confirm you are running from the simulation source directory.
]]></error></testcase><testcase classname="CosmoIonization_q05z10_sp__test_standard" name="test_exist" time="0.000"></testcase><testcase classname="CosmoIonization_q05z4_sp__test_standard" name="test_standard" time="0.005"></testcase><testcase classname="nose.failure.Failure" name="runTest" time="0.000"><error type="yt.utilities.exceptions.InvalidSimulationTimeSeries" message="Your TimeSeries is empty. &#10;Confirm you are running from the simulation source directory."><![CDATA[Traceback (most recent call last):
  File "/home/dcollins4096/local-yt-2014-01-01/lib/python2.7/unittest/case.py", line 331, in run
    testMethod()
  File "/home/dcollins4096/local-yt-2014-01-01/lib/python2.7/site-packages/nose-1.3.0-py2.7.egg/nose/loader.py", line 253, in generate
    for test in g():
  File "/home/dcollins4096/local-yt-2014-01-01/src/yt-hg/yt/frontends/enzo/answer_testing_support.py", line 38, in fyielder
    for t in func(*args, **kwargs):
  File "/scratch1/dcollins/TestRunner/cosmo/eac22573ce3f_E12/RadiationTransportFLD/Grey_Split/CosmoIonization_q05z4_sp/CosmoIonization_q05z4_sp__test_standard.py", line 32, in test_standard
    base_pf = sim[0]
  File "/home/dcollins4096/local-yt-2014-01-01/src/yt-hg/yt/data_objects/time_series.py", line 121, in __getitem__
    "Confirm you are running from the simulation source directory.")
InvalidSimulationTimeSeries: Your TimeSeries is empty. 
Confirm you are running from the simulation source directory.
]]></error></testcase><testcase classname="CosmoIonization_q05z4_sp__test_standard" name="test_exist" time="0.000"></testcase><testcase classname="CosmoIonization_q5z10_sp__test_standard" name="test_standard" time="0.005"></testcase><testcase classname="nose.failure.Failure" name="runTest" time="0.000"><error type="yt.utilities.exceptions.InvalidSimulationTimeSeries" message="Your TimeSeries is empty. &#10;Confirm you are running from the simulation source directory."><![CDATA[Traceback (most recent call last):
  File "/home/dcollins4096/local-yt-2014-01-01/lib/python2.7/unittest/case.py", line 331, in run
    testMethod()
  File "/home/dcollins4096/local-yt-2014-01-01/lib/python2.7/site-packages/nose-1.3.0-py2.7.egg/nose/loader.py", line 253, in generate
    for test in g():
  File "/home/dcollins4096/local-yt-2014-01-01/src/yt-hg/yt/frontends/enzo/answer_testing_support.py", line 38, in fyielder
    for t in func(*args, **kwargs):
  File "/scratch1/dcollins/TestRunner/cosmo/eac22573ce3f_E12/RadiationTransportFLD/Grey_Split/CosmoIonization_q5z10_sp/CosmoIonization_q5z10_sp__test_standard.py", line 32, in test_standard
    base_pf = sim[0]
  File "/home/dcollins4096/local-yt-2014-01-01/src/yt-hg/yt/data_objects/time_series.py", line 121, in __getitem__
    "Confirm you are running from the simulation source directory.")
InvalidSimulationTimeSeries: Your TimeSeries is empty. 
Confirm you are running from the simulation source directory.
]]></error></testcase><testcase classname="CosmoIonization_q5z10_sp__test_standard" name="test_exist" time="0.000"></testcase><testcase classname="CosmoIonization_q5z4_sp__test_standard" name="test_standard" time="0.005"></testcase><testcase classname="nose.failure.Failure" name="runTest" time="0.000"><error type="yt.utilities.exceptions.InvalidSimulationTimeSeries" message="Your TimeSeries is empty. &#10;Confirm you are running from the simulation source directory."><![CDATA[Traceback (most recent call last):
  File "/home/dcollins4096/local-yt-2014-01-01/lib/python2.7/unittest/case.py", line 331, in run
    testMethod()
  File "/home/dcollins4096/local-yt-2014-01-01/lib/python2.7/site-packages/nose-1.3.0-py2.7.egg/nose/loader.py", line 253, in generate
    for test in g():
  File "/home/dcollins4096/local-yt-2014-01-01/src/yt-hg/yt/frontends/enzo/answer_testing_support.py", line 38, in fyielder
    for t in func(*args, **kwargs):
  File "/scratch1/dcollins/TestRunner/cosmo/eac22573ce3f_E12/RadiationTransportFLD/Grey_Split/CosmoIonization_q5z4_sp/CosmoIonization_q5z4_sp__test_standard.py", line 32, in test_standard
    base_pf = sim[0]
  File "/home/dcollins4096/local-yt-2014-01-01/src/yt-hg/yt/data_objects/time_series.py", line 121, in __getitem__
    "Confirm you are running from the simulation source directory.")
InvalidSimulationTimeSeries: Your TimeSeries is empty. 
Confirm you are running from the simulation source directory.
]]></error></testcase><testcase classname="CosmoIonization_q5z4_sp__test_standard" name="test_exist" time="0.000"></testcase><testcase classname="RHIonization1_sp__test_standard" name="test_standard" time="0.005"></testcase><testcase classname="nose.failure.Failure" name="runTest" time="0.000"><error type="yt.utilities.exceptions.InvalidSimulationTimeSeries" message="Your TimeSeries is empty. &#10;Confirm you are running from the simulation source directory."><![CDATA[Traceback (most recent call last):
  File "/home/dcollins4096/local-yt-2014-01-01/lib/python2.7/unittest/case.py", line 331, in run
    testMethod()
  File "/home/dcollins4096/local-yt-2014-01-01/lib/python2.7/site-packages/nose-1.3.0-py2.7.egg/nose/loader.py", line 253, in generate
    for test in g():
  File "/home/dcollins4096/local-yt-2014-01-01/src/yt-hg/yt/frontends/enzo/answer_testing_support.py", line 38, in fyielder
    for t in func(*args, **kwargs):
  File "/scratch1/dcollins/TestRunner/cosmo/eac22573ce3f_E12/RadiationTransportFLD/Grey_Split/RHIonization1_sp/RHIonization1_sp__test_standard.py", line 32, in test_standard
    base_pf = sim[0]
  File "/home/dcollins4096/local-yt-2014-01-01/src/yt-hg/yt/data_objects/time_series.py", line 121, in __getitem__
    "Confirm you are running from the simulation source directory.")
InvalidSimulationTimeSeries: Your TimeSeries is empty. 
Confirm you are running from the simulation source directory.
]]></error></testcase><testcase classname="RHIonization1_sp__test_standard" name="test_exist" time="0.000"></testcase><testcase classname="RHIonization2_sp__test_standard" name="test_standard" time="0.005"></testcase><testcase classname="nose.failure.Failure" name="runTest" time="0.000"><error type="yt.utilities.exceptions.InvalidSimulationTimeSeries" message="Your TimeSeries is empty. &#10;Confirm you are running from the simulation source directory."><![CDATA[Traceback (most recent call last):
  File "/home/dcollins4096/local-yt-2014-01-01/lib/python2.7/unittest/case.py", line 331, in run
    testMethod()
  File "/home/dcollins4096/local-yt-2014-01-01/lib/python2.7/site-packages/nose-1.3.0-py2.7.egg/nose/loader.py", line 253, in generate
    for test in g():
  File "/home/dcollins4096/local-yt-2014-01-01/src/yt-hg/yt/frontends/enzo/answer_testing_support.py", line 38, in fyielder
    for t in func(*args, **kwargs):
  File "/scratch1/dcollins/TestRunner/cosmo/eac22573ce3f_E12/RadiationTransportFLD/Grey_Split/RHIonization2_sp/RHIonization2_sp__test_standard.py", line 32, in test_standard
    base_pf = sim[0]
  File "/home/dcollins4096/local-yt-2014-01-01/src/yt-hg/yt/data_objects/time_series.py", line 121, in __getitem__
    "Confirm you are running from the simulation source directory.")
InvalidSimulationTimeSeries: Your TimeSeries is empty. 
Confirm you are running from the simulation source directory.
]]></error></testcase><testcase classname="RHIonization2_sp__test_standard" name="test_exist" time="0.000"></testcase><testcase classname="RadiatingShockLab_sp__test_standard" name="test_standard" time="0.005"></testcase><testcase classname="nose.failure.Failure" name="runTest" time="0.000"><error type="yt.utilities.exceptions.InvalidSimulationTimeSeries" message="Your TimeSeries is empty. &#10;Confirm you are running from the simulation source directory."><![CDATA[Traceback (most recent call last):
  File "/home/dcollins4096/local-yt-2014-01-01/lib/python2.7/unittest/case.py", line 331, in run
    testMethod()
  File "/home/dcollins4096/local-yt-2014-01-01/lib/python2.7/site-packages/nose-1.3.0-py2.7.egg/nose/loader.py", line 253, in generate
    for test in g():
  File "/home/dcollins4096/local-yt-2014-01-01/src/yt-hg/yt/frontends/enzo/answer_testing_support.py", line 38, in fyielder
    for t in func(*args, **kwargs):
  File "/scratch1/dcollins/TestRunner/cosmo/eac22573ce3f_E12/RadiationTransportFLD/Grey_Split/RadiatingShockLab_sp/RadiatingShockLab_sp__test_standard.py", line 32, in test_standard
    base_pf = sim[0]
  File "/home/dcollins4096/local-yt-2014-01-01/src/yt-hg/yt/data_objects/time_series.py", line 121, in __getitem__
    "Confirm you are running from the simulation source directory.")
InvalidSimulationTimeSeries: Your TimeSeries is empty. 
Confirm you are running from the simulation source directory.
]]></error></testcase><testcase classname="RadiatingShockLab_sp__test_standard" name="test_exist" time="0.000"></testcase><testcase classname="TurnerStoneEquil1_sp__test_standard" name="test_standard" time="0.004"></testcase><testcase classname="nose.failure.Failure" name="runTest" time="0.000"><error type="yt.utilities.exceptions.InvalidSimulationTimeSeries" message="Your TimeSeries is empty. &#10;Confirm you are running from the simulation source directory."><![CDATA[Traceback (most recent call last):
  File "/home/dcollins4096/local-yt-2014-01-01/lib/python2.7/unittest/case.py", line 331, in run
    testMethod()
  File "/home/dcollins4096/local-yt-2014-01-01/lib/python2.7/site-packages/nose-1.3.0-py2.7.egg/nose/loader.py", line 253, in generate
    for test in g():
  File "/home/dcollins4096/local-yt-2014-01-01/src/yt-hg/yt/frontends/enzo/answer_testing_support.py", line 38, in fyielder
    for t in func(*args, **kwargs):
  File "/scratch1/dcollins/TestRunner/cosmo/eac22573ce3f_E12/RadiationTransportFLD/Grey_Split/TurnerStoneEquil1_sp/TurnerStoneEquil1_sp__test_standard.py", line 32, in test_standard
    base_pf = sim[0]
  File "/home/dcollins4096/local-yt-2014-01-01/src/yt-hg/yt/data_objects/time_series.py", line 121, in __getitem__
    "Confirm you are running from the simulation source directory.")
InvalidSimulationTimeSeries: Your TimeSeries is empty. 
Confirm you are running from the simulation source directory.
]]></error></testcase><testcase classname="TurnerStoneEquil1_sp__test_standard" name="test_exist" time="0.000"></testcase><testcase classname="TurnerStoneEquil2_sp__test_standard" name="test_standard" time="0.005"></testcase><testcase classname="nose.failure.Failure" name="runTest" time="0.000"><error type="yt.utilities.exceptions.InvalidSimulationTimeSeries" message="Your TimeSeries is empty. &#10;Confirm you are running from the simulation source directory."><![CDATA[Traceback (most recent call last):
  File "/home/dcollins4096/local-yt-2014-01-01/lib/python2.7/unittest/case.py", line 331, in run
    testMethod()
  File "/home/dcollins4096/local-yt-2014-01-01/lib/python2.7/site-packages/nose-1.3.0-py2.7.egg/nose/loader.py", line 253, in generate
    for test in g():
  File "/home/dcollins4096/local-yt-2014-01-01/src/yt-hg/yt/frontends/enzo/answer_testing_support.py", line 38, in fyielder
    for t in func(*args, **kwargs):
  File "/scratch1/dcollins/TestRunner/cosmo/eac22573ce3f_E12/RadiationTransportFLD/Grey_Split/TurnerStoneEquil2_sp/TurnerStoneEquil2_sp__test_standard.py", line 32, in test_standard
    base_pf = sim[0]
  File "/home/dcollins4096/local-yt-2014-01-01/src/yt-hg/yt/data_objects/time_series.py", line 121, in __getitem__
    "Confirm you are running from the simulation source directory.")
InvalidSimulationTimeSeries: Your TimeSeries is empty. 
Confirm you are running from the simulation source directory.
]]></error></testcase><testcase classname="TurnerStoneEquil2_sp__test_standard" name="test_exist" time="0.000"></testcase></testsuite>